<?xml version="1.0" encoding="UTF-8"?>
<!-- Generated by org.testng.reporters.JUnitReportReporter -->
<testsuite hostname="DESKTOP-I8LOK1R" failures="0" tests="1" name="objectpackage.RegistrationTest" time="11.003" errors="0" timestamp="2024-01-22T20:16:42 CST" skipped="0">
  <testcase classname="objectpackage.RegistrationTest" name="loginwithvalidCredentials" time="11.003"/>
  <system-out/>
</testsuite> <!-- objectpackage.RegistrationTest -->
