<?xml version="1.0" encoding="UTF-8"?>
<!-- Generated by org.testng.reporters.JUnitReportReporter -->
<testsuite hostname="DESKTOP-I8LOK1R" failures="0" tests="1" name="factorytestpage.factorytest" time="5.837" errors="0" timestamp="2024-01-24T19:05:45 CST" skipped="0">
  <testcase classname="factorytestpage.factorytest" name="logintest" time="5.837"/>
  <system-out/>
</testsuite> <!-- factorytestpage.factorytest -->
